Determining if the pthread_create exist failed with the following output:
Change Dir: /home/kalana/Xavier/Robot/build_isolated/octomap_server/CMakeFiles/CMakeTmp

Run Build Command:"/usr/bin/make" "cmTC_bd26d/fast"
/usr/bin/make -f CMakeFiles/cmTC_bd26d.dir/build.make CMakeFiles/cmTC_bd26d.dir/build
make[1]: Entering directory '/home/kalana/Xavier/Robot/build_isolated/octomap_server/CMakeFiles/CMakeTmp'
Building C object CMakeFiles/cmTC_bd26d.dir/CheckSymbolExists.c.o
/usr/bin/cc     -o CMakeFiles/cmTC_bd26d.dir/CheckSymbolExists.c.o   -c /home/kalana/Xavier/Robot/build_isolated/octomap_server/CMakeFiles/CMakeTmp/CheckSymbolExists.c
Linking C executable cmTC_bd26d
/usr/bin/cmake -E cmake_link_script CMakeFiles/cmTC_bd26d.dir/link.txt --verbose=1
/usr/bin/cc       CMakeFiles/cmTC_bd26d.dir/CheckSymbolExists.c.o  -o cmTC_bd26d -rdynamic 
CMakeFiles/cmTC_bd26d.dir/CheckSymbolExists.c.o: In function `main':
CheckSymbolExists.c:(.text+0x16): undefined reference to `pthread_create'
collect2: error: ld returned 1 exit status
CMakeFiles/cmTC_bd26d.dir/build.make:97: recipe for target 'cmTC_bd26d' failed
make[1]: *** [cmTC_bd26d] Error 1
make[1]: Leaving directory '/home/kalana/Xavier/Robot/build_isolated/octomap_server/CMakeFiles/CMakeTmp'
Makefile:126: recipe for target 'cmTC_bd26d/fast' failed
make: *** [cmTC_bd26d/fast] Error 2

File /home/kalana/Xavier/Robot/build_isolated/octomap_server/CMakeFiles/CMakeTmp/CheckSymbolExists.c:
/* */
#include <pthread.h>

int main(int argc, char** argv)
{
  (void)argv;
#ifndef pthread_create
  return ((int*)(&pthread_create))[argc];
#else
  (void)argc;
  return 0;
#endif
}

Determining if the function pthread_create exists in the pthreads failed with the following output:
Change Dir: /home/kalana/Xavier/Robot/build_isolated/octomap_server/CMakeFiles/CMakeTmp

Run Build Command:"/usr/bin/make" "cmTC_ae4be/fast"
/usr/bin/make -f CMakeFiles/cmTC_ae4be.dir/build.make CMakeFiles/cmTC_ae4be.dir/build
make[1]: Entering directory '/home/kalana/Xavier/Robot/build_isolated/octomap_server/CMakeFiles/CMakeTmp'
Building C object CMakeFiles/cmTC_ae4be.dir/CheckFunctionExists.c.o
/usr/bin/cc    -DCHECK_FUNCTION_EXISTS=pthread_create   -o CMakeFiles/cmTC_ae4be.dir/CheckFunctionExists.c.o   -c /usr/share/cmake-3.5/Modules/CheckFunctionExists.c
Linking C executable cmTC_ae4be
/usr/bin/cmake -E cmake_link_script CMakeFiles/cmTC_ae4be.dir/link.txt --verbose=1
/usr/bin/cc   -DCHECK_FUNCTION_EXISTS=pthread_create    CMakeFiles/cmTC_ae4be.dir/CheckFunctionExists.c.o  -o cmTC_ae4be -rdynamic -lpthreads 
/usr/bin/ld: cannot find -lpthreads
collect2: error: ld returned 1 exit status
CMakeFiles/cmTC_ae4be.dir/build.make:97: recipe for target 'cmTC_ae4be' failed
make[1]: *** [cmTC_ae4be] Error 1
make[1]: Leaving directory '/home/kalana/Xavier/Robot/build_isolated/octomap_server/CMakeFiles/CMakeTmp'
Makefile:126: recipe for target 'cmTC_ae4be/fast' failed
make: *** [cmTC_ae4be/fast] Error 2


