Determining if the pthread_create exist failed with the following output:
Change Dir: /home/kalana/Xavier/Robot/build_isolated/kobuki_core/CMakeFiles/CMakeTmp

Run Build Command:"/usr/bin/make" "cmTC_9a84e/fast"
/usr/bin/make -f CMakeFiles/cmTC_9a84e.dir/build.make CMakeFiles/cmTC_9a84e.dir/build
make[1]: Entering directory '/home/kalana/Xavier/Robot/build_isolated/kobuki_core/CMakeFiles/CMakeTmp'
Building C object CMakeFiles/cmTC_9a84e.dir/CheckSymbolExists.c.o
/usr/bin/cc     -o CMakeFiles/cmTC_9a84e.dir/CheckSymbolExists.c.o   -c /home/kalana/Xavier/Robot/build_isolated/kobuki_core/CMakeFiles/CMakeTmp/CheckSymbolExists.c
Linking C executable cmTC_9a84e
/usr/bin/cmake -E cmake_link_script CMakeFiles/cmTC_9a84e.dir/link.txt --verbose=1
/usr/bin/cc       CMakeFiles/cmTC_9a84e.dir/CheckSymbolExists.c.o  -o cmTC_9a84e -rdynamic 
CMakeFiles/cmTC_9a84e.dir/CheckSymbolExists.c.o: In function `main':
CheckSymbolExists.c:(.text+0x16): undefined reference to `pthread_create'
collect2: error: ld returned 1 exit status
CMakeFiles/cmTC_9a84e.dir/build.make:97: recipe for target 'cmTC_9a84e' failed
make[1]: *** [cmTC_9a84e] Error 1
make[1]: Leaving directory '/home/kalana/Xavier/Robot/build_isolated/kobuki_core/CMakeFiles/CMakeTmp'
Makefile:126: recipe for target 'cmTC_9a84e/fast' failed
make: *** [cmTC_9a84e/fast] Error 2

File /home/kalana/Xavier/Robot/build_isolated/kobuki_core/CMakeFiles/CMakeTmp/CheckSymbolExists.c:
/* */
#include <pthread.h>

int main(int argc, char** argv)
{
  (void)argv;
#ifndef pthread_create
  return ((int*)(&pthread_create))[argc];
#else
  (void)argc;
  return 0;
#endif
}

Determining if the function pthread_create exists in the pthreads failed with the following output:
Change Dir: /home/kalana/Xavier/Robot/build_isolated/kobuki_core/CMakeFiles/CMakeTmp

Run Build Command:"/usr/bin/make" "cmTC_13039/fast"
/usr/bin/make -f CMakeFiles/cmTC_13039.dir/build.make CMakeFiles/cmTC_13039.dir/build
make[1]: Entering directory '/home/kalana/Xavier/Robot/build_isolated/kobuki_core/CMakeFiles/CMakeTmp'
Building C object CMakeFiles/cmTC_13039.dir/CheckFunctionExists.c.o
/usr/bin/cc    -DCHECK_FUNCTION_EXISTS=pthread_create   -o CMakeFiles/cmTC_13039.dir/CheckFunctionExists.c.o   -c /usr/share/cmake-3.5/Modules/CheckFunctionExists.c
Linking C executable cmTC_13039
/usr/bin/cmake -E cmake_link_script CMakeFiles/cmTC_13039.dir/link.txt --verbose=1
/usr/bin/cc   -DCHECK_FUNCTION_EXISTS=pthread_create    CMakeFiles/cmTC_13039.dir/CheckFunctionExists.c.o  -o cmTC_13039 -rdynamic -lpthreads 
/usr/bin/ld: cannot find -lpthreads
collect2: error: ld returned 1 exit status
CMakeFiles/cmTC_13039.dir/build.make:97: recipe for target 'cmTC_13039' failed
make[1]: *** [cmTC_13039] Error 1
make[1]: Leaving directory '/home/kalana/Xavier/Robot/build_isolated/kobuki_core/CMakeFiles/CMakeTmp'
Makefile:126: recipe for target 'cmTC_13039/fast' failed
make: *** [cmTC_13039/fast] Error 2


