Determining if the pthread_create exist failed with the following output:
Change Dir: /home/kalana/Xavier/Robot/build_isolated/master_discovery_fkie/CMakeFiles/CMakeTmp

Run Build Command:"/usr/bin/make" "cmTC_45eff/fast"
/usr/bin/make -f CMakeFiles/cmTC_45eff.dir/build.make CMakeFiles/cmTC_45eff.dir/build
make[1]: Entering directory '/home/kalana/Xavier/Robot/build_isolated/master_discovery_fkie/CMakeFiles/CMakeTmp'
Building C object CMakeFiles/cmTC_45eff.dir/CheckSymbolExists.c.o
/usr/bin/cc     -o CMakeFiles/cmTC_45eff.dir/CheckSymbolExists.c.o   -c /home/kalana/Xavier/Robot/build_isolated/master_discovery_fkie/CMakeFiles/CMakeTmp/CheckSymbolExists.c
Linking C executable cmTC_45eff
/usr/bin/cmake -E cmake_link_script CMakeFiles/cmTC_45eff.dir/link.txt --verbose=1
/usr/bin/cc       CMakeFiles/cmTC_45eff.dir/CheckSymbolExists.c.o  -o cmTC_45eff -rdynamic 
CMakeFiles/cmTC_45eff.dir/CheckSymbolExists.c.o: In function `main':
CheckSymbolExists.c:(.text+0x16): undefined reference to `pthread_create'
collect2: error: ld returned 1 exit status
CMakeFiles/cmTC_45eff.dir/build.make:97: recipe for target 'cmTC_45eff' failed
make[1]: *** [cmTC_45eff] Error 1
make[1]: Leaving directory '/home/kalana/Xavier/Robot/build_isolated/master_discovery_fkie/CMakeFiles/CMakeTmp'
Makefile:126: recipe for target 'cmTC_45eff/fast' failed
make: *** [cmTC_45eff/fast] Error 2

File /home/kalana/Xavier/Robot/build_isolated/master_discovery_fkie/CMakeFiles/CMakeTmp/CheckSymbolExists.c:
/* */
#include <pthread.h>

int main(int argc, char** argv)
{
  (void)argv;
#ifndef pthread_create
  return ((int*)(&pthread_create))[argc];
#else
  (void)argc;
  return 0;
#endif
}

Determining if the function pthread_create exists in the pthreads failed with the following output:
Change Dir: /home/kalana/Xavier/Robot/build_isolated/master_discovery_fkie/CMakeFiles/CMakeTmp

Run Build Command:"/usr/bin/make" "cmTC_ff5da/fast"
/usr/bin/make -f CMakeFiles/cmTC_ff5da.dir/build.make CMakeFiles/cmTC_ff5da.dir/build
make[1]: Entering directory '/home/kalana/Xavier/Robot/build_isolated/master_discovery_fkie/CMakeFiles/CMakeTmp'
Building C object CMakeFiles/cmTC_ff5da.dir/CheckFunctionExists.c.o
/usr/bin/cc    -DCHECK_FUNCTION_EXISTS=pthread_create   -o CMakeFiles/cmTC_ff5da.dir/CheckFunctionExists.c.o   -c /usr/share/cmake-3.5/Modules/CheckFunctionExists.c
Linking C executable cmTC_ff5da
/usr/bin/cmake -E cmake_link_script CMakeFiles/cmTC_ff5da.dir/link.txt --verbose=1
/usr/bin/cc   -DCHECK_FUNCTION_EXISTS=pthread_create    CMakeFiles/cmTC_ff5da.dir/CheckFunctionExists.c.o  -o cmTC_ff5da -rdynamic -lpthreads 
/usr/bin/ld: cannot find -lpthreads
collect2: error: ld returned 1 exit status
CMakeFiles/cmTC_ff5da.dir/build.make:97: recipe for target 'cmTC_ff5da' failed
make[1]: *** [cmTC_ff5da] Error 1
make[1]: Leaving directory '/home/kalana/Xavier/Robot/build_isolated/master_discovery_fkie/CMakeFiles/CMakeTmp'
Makefile:126: recipe for target 'cmTC_ff5da/fast' failed
make: *** [cmTC_ff5da/fast] Error 2


