Determining if the pthread_create exist failed with the following output:
Change Dir: /home/kalana/Xavier/Robot/build_isolated/kobuki_msgs/CMakeFiles/CMakeTmp

Run Build Command:"/usr/bin/make" "cmTC_c206a/fast"
/usr/bin/make -f CMakeFiles/cmTC_c206a.dir/build.make CMakeFiles/cmTC_c206a.dir/build
make[1]: Entering directory '/home/kalana/Xavier/Robot/build_isolated/kobuki_msgs/CMakeFiles/CMakeTmp'
Building C object CMakeFiles/cmTC_c206a.dir/CheckSymbolExists.c.o
/usr/bin/cc     -o CMakeFiles/cmTC_c206a.dir/CheckSymbolExists.c.o   -c /home/kalana/Xavier/Robot/build_isolated/kobuki_msgs/CMakeFiles/CMakeTmp/CheckSymbolExists.c
Linking C executable cmTC_c206a
/usr/bin/cmake -E cmake_link_script CMakeFiles/cmTC_c206a.dir/link.txt --verbose=1
/usr/bin/cc       CMakeFiles/cmTC_c206a.dir/CheckSymbolExists.c.o  -o cmTC_c206a -rdynamic 
CMakeFiles/cmTC_c206a.dir/CheckSymbolExists.c.o: In function `main':
CheckSymbolExists.c:(.text+0x16): undefined reference to `pthread_create'
collect2: error: ld returned 1 exit status
CMakeFiles/cmTC_c206a.dir/build.make:97: recipe for target 'cmTC_c206a' failed
make[1]: *** [cmTC_c206a] Error 1
make[1]: Leaving directory '/home/kalana/Xavier/Robot/build_isolated/kobuki_msgs/CMakeFiles/CMakeTmp'
Makefile:126: recipe for target 'cmTC_c206a/fast' failed
make: *** [cmTC_c206a/fast] Error 2

File /home/kalana/Xavier/Robot/build_isolated/kobuki_msgs/CMakeFiles/CMakeTmp/CheckSymbolExists.c:
/* */
#include <pthread.h>

int main(int argc, char** argv)
{
  (void)argv;
#ifndef pthread_create
  return ((int*)(&pthread_create))[argc];
#else
  (void)argc;
  return 0;
#endif
}

Determining if the function pthread_create exists in the pthreads failed with the following output:
Change Dir: /home/kalana/Xavier/Robot/build_isolated/kobuki_msgs/CMakeFiles/CMakeTmp

Run Build Command:"/usr/bin/make" "cmTC_f4ad1/fast"
/usr/bin/make -f CMakeFiles/cmTC_f4ad1.dir/build.make CMakeFiles/cmTC_f4ad1.dir/build
make[1]: Entering directory '/home/kalana/Xavier/Robot/build_isolated/kobuki_msgs/CMakeFiles/CMakeTmp'
Building C object CMakeFiles/cmTC_f4ad1.dir/CheckFunctionExists.c.o
/usr/bin/cc    -DCHECK_FUNCTION_EXISTS=pthread_create   -o CMakeFiles/cmTC_f4ad1.dir/CheckFunctionExists.c.o   -c /usr/share/cmake-3.5/Modules/CheckFunctionExists.c
Linking C executable cmTC_f4ad1
/usr/bin/cmake -E cmake_link_script CMakeFiles/cmTC_f4ad1.dir/link.txt --verbose=1
/usr/bin/cc   -DCHECK_FUNCTION_EXISTS=pthread_create    CMakeFiles/cmTC_f4ad1.dir/CheckFunctionExists.c.o  -o cmTC_f4ad1 -rdynamic -lpthreads 
/usr/bin/ld: cannot find -lpthreads
collect2: error: ld returned 1 exit status
CMakeFiles/cmTC_f4ad1.dir/build.make:97: recipe for target 'cmTC_f4ad1' failed
make[1]: *** [cmTC_f4ad1] Error 1
make[1]: Leaving directory '/home/kalana/Xavier/Robot/build_isolated/kobuki_msgs/CMakeFiles/CMakeTmp'
Makefile:126: recipe for target 'cmTC_f4ad1/fast' failed
make: *** [cmTC_f4ad1/fast] Error 2


