Determining if the pthread_create exist failed with the following output:
Change Dir: /home/kalana/Xavier/Robot/build_isolated/pose_follower/CMakeFiles/CMakeTmp

Run Build Command:"/usr/bin/make" "cmTC_74eed/fast"
/usr/bin/make -f CMakeFiles/cmTC_74eed.dir/build.make CMakeFiles/cmTC_74eed.dir/build
make[1]: Entering directory '/home/kalana/Xavier/Robot/build_isolated/pose_follower/CMakeFiles/CMakeTmp'
Building C object CMakeFiles/cmTC_74eed.dir/CheckSymbolExists.c.o
/usr/bin/cc     -o CMakeFiles/cmTC_74eed.dir/CheckSymbolExists.c.o   -c /home/kalana/Xavier/Robot/build_isolated/pose_follower/CMakeFiles/CMakeTmp/CheckSymbolExists.c
Linking C executable cmTC_74eed
/usr/bin/cmake -E cmake_link_script CMakeFiles/cmTC_74eed.dir/link.txt --verbose=1
/usr/bin/cc       CMakeFiles/cmTC_74eed.dir/CheckSymbolExists.c.o  -o cmTC_74eed -rdynamic 
CMakeFiles/cmTC_74eed.dir/CheckSymbolExists.c.o: In function `main':
CheckSymbolExists.c:(.text+0x16): undefined reference to `pthread_create'
collect2: error: ld returned 1 exit status
CMakeFiles/cmTC_74eed.dir/build.make:97: recipe for target 'cmTC_74eed' failed
make[1]: *** [cmTC_74eed] Error 1
make[1]: Leaving directory '/home/kalana/Xavier/Robot/build_isolated/pose_follower/CMakeFiles/CMakeTmp'
Makefile:126: recipe for target 'cmTC_74eed/fast' failed
make: *** [cmTC_74eed/fast] Error 2

File /home/kalana/Xavier/Robot/build_isolated/pose_follower/CMakeFiles/CMakeTmp/CheckSymbolExists.c:
/* */
#include <pthread.h>

int main(int argc, char** argv)
{
  (void)argv;
#ifndef pthread_create
  return ((int*)(&pthread_create))[argc];
#else
  (void)argc;
  return 0;
#endif
}

Determining if the function pthread_create exists in the pthreads failed with the following output:
Change Dir: /home/kalana/Xavier/Robot/build_isolated/pose_follower/CMakeFiles/CMakeTmp

Run Build Command:"/usr/bin/make" "cmTC_1121f/fast"
/usr/bin/make -f CMakeFiles/cmTC_1121f.dir/build.make CMakeFiles/cmTC_1121f.dir/build
make[1]: Entering directory '/home/kalana/Xavier/Robot/build_isolated/pose_follower/CMakeFiles/CMakeTmp'
Building C object CMakeFiles/cmTC_1121f.dir/CheckFunctionExists.c.o
/usr/bin/cc    -DCHECK_FUNCTION_EXISTS=pthread_create   -o CMakeFiles/cmTC_1121f.dir/CheckFunctionExists.c.o   -c /usr/share/cmake-3.5/Modules/CheckFunctionExists.c
Linking C executable cmTC_1121f
/usr/bin/cmake -E cmake_link_script CMakeFiles/cmTC_1121f.dir/link.txt --verbose=1
/usr/bin/cc   -DCHECK_FUNCTION_EXISTS=pthread_create    CMakeFiles/cmTC_1121f.dir/CheckFunctionExists.c.o  -o cmTC_1121f -rdynamic -lpthreads 
/usr/bin/ld: cannot find -lpthreads
collect2: error: ld returned 1 exit status
CMakeFiles/cmTC_1121f.dir/build.make:97: recipe for target 'cmTC_1121f' failed
make[1]: *** [cmTC_1121f] Error 1
make[1]: Leaving directory '/home/kalana/Xavier/Robot/build_isolated/pose_follower/CMakeFiles/CMakeTmp'
Makefile:126: recipe for target 'cmTC_1121f/fast' failed
make: *** [cmTC_1121f/fast] Error 2


