Determining if the pthread_create exist failed with the following output:
Change Dir: /home/kalana/Xavier/Robot/build_isolated/kobuki_node/CMakeFiles/CMakeTmp

Run Build Command:"/usr/bin/make" "cmTC_e46aa/fast"
/usr/bin/make -f CMakeFiles/cmTC_e46aa.dir/build.make CMakeFiles/cmTC_e46aa.dir/build
make[1]: Entering directory '/home/kalana/Xavier/Robot/build_isolated/kobuki_node/CMakeFiles/CMakeTmp'
Building C object CMakeFiles/cmTC_e46aa.dir/CheckSymbolExists.c.o
/usr/bin/cc     -o CMakeFiles/cmTC_e46aa.dir/CheckSymbolExists.c.o   -c /home/kalana/Xavier/Robot/build_isolated/kobuki_node/CMakeFiles/CMakeTmp/CheckSymbolExists.c
Linking C executable cmTC_e46aa
/usr/bin/cmake -E cmake_link_script CMakeFiles/cmTC_e46aa.dir/link.txt --verbose=1
/usr/bin/cc       CMakeFiles/cmTC_e46aa.dir/CheckSymbolExists.c.o  -o cmTC_e46aa -rdynamic 
CMakeFiles/cmTC_e46aa.dir/CheckSymbolExists.c.o: In function `main':
CheckSymbolExists.c:(.text+0x16): undefined reference to `pthread_create'
collect2: error: ld returned 1 exit status
CMakeFiles/cmTC_e46aa.dir/build.make:97: recipe for target 'cmTC_e46aa' failed
make[1]: *** [cmTC_e46aa] Error 1
make[1]: Leaving directory '/home/kalana/Xavier/Robot/build_isolated/kobuki_node/CMakeFiles/CMakeTmp'
Makefile:126: recipe for target 'cmTC_e46aa/fast' failed
make: *** [cmTC_e46aa/fast] Error 2

File /home/kalana/Xavier/Robot/build_isolated/kobuki_node/CMakeFiles/CMakeTmp/CheckSymbolExists.c:
/* */
#include <pthread.h>

int main(int argc, char** argv)
{
  (void)argv;
#ifndef pthread_create
  return ((int*)(&pthread_create))[argc];
#else
  (void)argc;
  return 0;
#endif
}

Determining if the function pthread_create exists in the pthreads failed with the following output:
Change Dir: /home/kalana/Xavier/Robot/build_isolated/kobuki_node/CMakeFiles/CMakeTmp

Run Build Command:"/usr/bin/make" "cmTC_3cae8/fast"
/usr/bin/make -f CMakeFiles/cmTC_3cae8.dir/build.make CMakeFiles/cmTC_3cae8.dir/build
make[1]: Entering directory '/home/kalana/Xavier/Robot/build_isolated/kobuki_node/CMakeFiles/CMakeTmp'
Building C object CMakeFiles/cmTC_3cae8.dir/CheckFunctionExists.c.o
/usr/bin/cc    -DCHECK_FUNCTION_EXISTS=pthread_create   -o CMakeFiles/cmTC_3cae8.dir/CheckFunctionExists.c.o   -c /usr/share/cmake-3.5/Modules/CheckFunctionExists.c
Linking C executable cmTC_3cae8
/usr/bin/cmake -E cmake_link_script CMakeFiles/cmTC_3cae8.dir/link.txt --verbose=1
/usr/bin/cc   -DCHECK_FUNCTION_EXISTS=pthread_create    CMakeFiles/cmTC_3cae8.dir/CheckFunctionExists.c.o  -o cmTC_3cae8 -rdynamic -lpthreads 
/usr/bin/ld: cannot find -lpthreads
collect2: error: ld returned 1 exit status
CMakeFiles/cmTC_3cae8.dir/build.make:97: recipe for target 'cmTC_3cae8' failed
make[1]: *** [cmTC_3cae8] Error 1
make[1]: Leaving directory '/home/kalana/Xavier/Robot/build_isolated/kobuki_node/CMakeFiles/CMakeTmp'
Makefile:126: recipe for target 'cmTC_3cae8/fast' failed
make: *** [cmTC_3cae8/fast] Error 2


