Determining if the pthread_create exist failed with the following output:
Change Dir: /home/kalana/Xavier/Robot/build_isolated/kobuki_rapps/CMakeFiles/CMakeTmp

Run Build Command:"/usr/bin/make" "cmTC_5a356/fast"
/usr/bin/make -f CMakeFiles/cmTC_5a356.dir/build.make CMakeFiles/cmTC_5a356.dir/build
make[1]: Entering directory '/home/kalana/Xavier/Robot/build_isolated/kobuki_rapps/CMakeFiles/CMakeTmp'
Building C object CMakeFiles/cmTC_5a356.dir/CheckSymbolExists.c.o
/usr/bin/cc     -o CMakeFiles/cmTC_5a356.dir/CheckSymbolExists.c.o   -c /home/kalana/Xavier/Robot/build_isolated/kobuki_rapps/CMakeFiles/CMakeTmp/CheckSymbolExists.c
Linking C executable cmTC_5a356
/usr/bin/cmake -E cmake_link_script CMakeFiles/cmTC_5a356.dir/link.txt --verbose=1
/usr/bin/cc       CMakeFiles/cmTC_5a356.dir/CheckSymbolExists.c.o  -o cmTC_5a356 -rdynamic 
CMakeFiles/cmTC_5a356.dir/CheckSymbolExists.c.o: In function `main':
CheckSymbolExists.c:(.text+0x16): undefined reference to `pthread_create'
collect2: error: ld returned 1 exit status
CMakeFiles/cmTC_5a356.dir/build.make:97: recipe for target 'cmTC_5a356' failed
make[1]: *** [cmTC_5a356] Error 1
make[1]: Leaving directory '/home/kalana/Xavier/Robot/build_isolated/kobuki_rapps/CMakeFiles/CMakeTmp'
Makefile:126: recipe for target 'cmTC_5a356/fast' failed
make: *** [cmTC_5a356/fast] Error 2

File /home/kalana/Xavier/Robot/build_isolated/kobuki_rapps/CMakeFiles/CMakeTmp/CheckSymbolExists.c:
/* */
#include <pthread.h>

int main(int argc, char** argv)
{
  (void)argv;
#ifndef pthread_create
  return ((int*)(&pthread_create))[argc];
#else
  (void)argc;
  return 0;
#endif
}

Determining if the function pthread_create exists in the pthreads failed with the following output:
Change Dir: /home/kalana/Xavier/Robot/build_isolated/kobuki_rapps/CMakeFiles/CMakeTmp

Run Build Command:"/usr/bin/make" "cmTC_e2084/fast"
/usr/bin/make -f CMakeFiles/cmTC_e2084.dir/build.make CMakeFiles/cmTC_e2084.dir/build
make[1]: Entering directory '/home/kalana/Xavier/Robot/build_isolated/kobuki_rapps/CMakeFiles/CMakeTmp'
Building C object CMakeFiles/cmTC_e2084.dir/CheckFunctionExists.c.o
/usr/bin/cc    -DCHECK_FUNCTION_EXISTS=pthread_create   -o CMakeFiles/cmTC_e2084.dir/CheckFunctionExists.c.o   -c /usr/share/cmake-3.5/Modules/CheckFunctionExists.c
Linking C executable cmTC_e2084
/usr/bin/cmake -E cmake_link_script CMakeFiles/cmTC_e2084.dir/link.txt --verbose=1
/usr/bin/cc   -DCHECK_FUNCTION_EXISTS=pthread_create    CMakeFiles/cmTC_e2084.dir/CheckFunctionExists.c.o  -o cmTC_e2084 -rdynamic -lpthreads 
/usr/bin/ld: cannot find -lpthreads
collect2: error: ld returned 1 exit status
CMakeFiles/cmTC_e2084.dir/build.make:97: recipe for target 'cmTC_e2084' failed
make[1]: *** [cmTC_e2084] Error 1
make[1]: Leaving directory '/home/kalana/Xavier/Robot/build_isolated/kobuki_rapps/CMakeFiles/CMakeTmp'
Makefile:126: recipe for target 'cmTC_e2084/fast' failed
make: *** [cmTC_e2084/fast] Error 2


