Determining if the pthread_create exist failed with the following output:
Change Dir: /home/kalana/Xavier/Robot/build_isolated/amcl/CMakeFiles/CMakeTmp

Run Build Command:"/usr/bin/make" "cmTC_da359/fast"
/usr/bin/make -f CMakeFiles/cmTC_da359.dir/build.make CMakeFiles/cmTC_da359.dir/build
make[1]: Entering directory '/home/kalana/Xavier/Robot/build_isolated/amcl/CMakeFiles/CMakeTmp'
Building C object CMakeFiles/cmTC_da359.dir/CheckSymbolExists.c.o
/usr/bin/cc     -o CMakeFiles/cmTC_da359.dir/CheckSymbolExists.c.o   -c /home/kalana/Xavier/Robot/build_isolated/amcl/CMakeFiles/CMakeTmp/CheckSymbolExists.c
Linking C executable cmTC_da359
/usr/bin/cmake -E cmake_link_script CMakeFiles/cmTC_da359.dir/link.txt --verbose=1
/usr/bin/cc       CMakeFiles/cmTC_da359.dir/CheckSymbolExists.c.o  -o cmTC_da359 -rdynamic 
CMakeFiles/cmTC_da359.dir/CheckSymbolExists.c.o: In function `main':
CheckSymbolExists.c:(.text+0x16): undefined reference to `pthread_create'
collect2: error: ld returned 1 exit status
CMakeFiles/cmTC_da359.dir/build.make:97: recipe for target 'cmTC_da359' failed
make[1]: *** [cmTC_da359] Error 1
make[1]: Leaving directory '/home/kalana/Xavier/Robot/build_isolated/amcl/CMakeFiles/CMakeTmp'
Makefile:126: recipe for target 'cmTC_da359/fast' failed
make: *** [cmTC_da359/fast] Error 2

File /home/kalana/Xavier/Robot/build_isolated/amcl/CMakeFiles/CMakeTmp/CheckSymbolExists.c:
/* */
#include <pthread.h>

int main(int argc, char** argv)
{
  (void)argv;
#ifndef pthread_create
  return ((int*)(&pthread_create))[argc];
#else
  (void)argc;
  return 0;
#endif
}

Determining if the function pthread_create exists in the pthreads failed with the following output:
Change Dir: /home/kalana/Xavier/Robot/build_isolated/amcl/CMakeFiles/CMakeTmp

Run Build Command:"/usr/bin/make" "cmTC_ccbc1/fast"
/usr/bin/make -f CMakeFiles/cmTC_ccbc1.dir/build.make CMakeFiles/cmTC_ccbc1.dir/build
make[1]: Entering directory '/home/kalana/Xavier/Robot/build_isolated/amcl/CMakeFiles/CMakeTmp'
Building C object CMakeFiles/cmTC_ccbc1.dir/CheckFunctionExists.c.o
/usr/bin/cc    -DCHECK_FUNCTION_EXISTS=pthread_create   -o CMakeFiles/cmTC_ccbc1.dir/CheckFunctionExists.c.o   -c /usr/share/cmake-3.5/Modules/CheckFunctionExists.c
Linking C executable cmTC_ccbc1
/usr/bin/cmake -E cmake_link_script CMakeFiles/cmTC_ccbc1.dir/link.txt --verbose=1
/usr/bin/cc   -DCHECK_FUNCTION_EXISTS=pthread_create    CMakeFiles/cmTC_ccbc1.dir/CheckFunctionExists.c.o  -o cmTC_ccbc1 -rdynamic -lpthreads 
/usr/bin/ld: cannot find -lpthreads
collect2: error: ld returned 1 exit status
CMakeFiles/cmTC_ccbc1.dir/build.make:97: recipe for target 'cmTC_ccbc1' failed
make[1]: *** [cmTC_ccbc1] Error 1
make[1]: Leaving directory '/home/kalana/Xavier/Robot/build_isolated/amcl/CMakeFiles/CMakeTmp'
Makefile:126: recipe for target 'cmTC_ccbc1/fast' failed
make: *** [cmTC_ccbc1/fast] Error 2


