Determining if the pthread_create exist failed with the following output:
Change Dir: /home/kalana/Xavier/Robot/build_isolated/master_sync_fkie/CMakeFiles/CMakeTmp

Run Build Command:"/usr/bin/make" "cmTC_6165f/fast"
/usr/bin/make -f CMakeFiles/cmTC_6165f.dir/build.make CMakeFiles/cmTC_6165f.dir/build
make[1]: Entering directory '/home/kalana/Xavier/Robot/build_isolated/master_sync_fkie/CMakeFiles/CMakeTmp'
Building C object CMakeFiles/cmTC_6165f.dir/CheckSymbolExists.c.o
/usr/bin/cc     -o CMakeFiles/cmTC_6165f.dir/CheckSymbolExists.c.o   -c /home/kalana/Xavier/Robot/build_isolated/master_sync_fkie/CMakeFiles/CMakeTmp/CheckSymbolExists.c
Linking C executable cmTC_6165f
/usr/bin/cmake -E cmake_link_script CMakeFiles/cmTC_6165f.dir/link.txt --verbose=1
/usr/bin/cc       CMakeFiles/cmTC_6165f.dir/CheckSymbolExists.c.o  -o cmTC_6165f -rdynamic 
CMakeFiles/cmTC_6165f.dir/CheckSymbolExists.c.o: In function `main':
CheckSymbolExists.c:(.text+0x16): undefined reference to `pthread_create'
collect2: error: ld returned 1 exit status
CMakeFiles/cmTC_6165f.dir/build.make:97: recipe for target 'cmTC_6165f' failed
make[1]: *** [cmTC_6165f] Error 1
make[1]: Leaving directory '/home/kalana/Xavier/Robot/build_isolated/master_sync_fkie/CMakeFiles/CMakeTmp'
Makefile:126: recipe for target 'cmTC_6165f/fast' failed
make: *** [cmTC_6165f/fast] Error 2

File /home/kalana/Xavier/Robot/build_isolated/master_sync_fkie/CMakeFiles/CMakeTmp/CheckSymbolExists.c:
/* */
#include <pthread.h>

int main(int argc, char** argv)
{
  (void)argv;
#ifndef pthread_create
  return ((int*)(&pthread_create))[argc];
#else
  (void)argc;
  return 0;
#endif
}

Determining if the function pthread_create exists in the pthreads failed with the following output:
Change Dir: /home/kalana/Xavier/Robot/build_isolated/master_sync_fkie/CMakeFiles/CMakeTmp

Run Build Command:"/usr/bin/make" "cmTC_c17dd/fast"
/usr/bin/make -f CMakeFiles/cmTC_c17dd.dir/build.make CMakeFiles/cmTC_c17dd.dir/build
make[1]: Entering directory '/home/kalana/Xavier/Robot/build_isolated/master_sync_fkie/CMakeFiles/CMakeTmp'
Building C object CMakeFiles/cmTC_c17dd.dir/CheckFunctionExists.c.o
/usr/bin/cc    -DCHECK_FUNCTION_EXISTS=pthread_create   -o CMakeFiles/cmTC_c17dd.dir/CheckFunctionExists.c.o   -c /usr/share/cmake-3.5/Modules/CheckFunctionExists.c
Linking C executable cmTC_c17dd
/usr/bin/cmake -E cmake_link_script CMakeFiles/cmTC_c17dd.dir/link.txt --verbose=1
/usr/bin/cc   -DCHECK_FUNCTION_EXISTS=pthread_create    CMakeFiles/cmTC_c17dd.dir/CheckFunctionExists.c.o  -o cmTC_c17dd -rdynamic -lpthreads 
/usr/bin/ld: cannot find -lpthreads
collect2: error: ld returned 1 exit status
CMakeFiles/cmTC_c17dd.dir/build.make:97: recipe for target 'cmTC_c17dd' failed
make[1]: *** [cmTC_c17dd] Error 1
make[1]: Leaving directory '/home/kalana/Xavier/Robot/build_isolated/master_sync_fkie/CMakeFiles/CMakeTmp'
Makefile:126: recipe for target 'cmTC_c17dd/fast' failed
make: *** [cmTC_c17dd/fast] Error 2


