Determining if the pthread_create exist failed with the following output:
Change Dir: /home/kalana/Xavier/Robot/build_isolated/sbpl_lattice_planner/CMakeFiles/CMakeTmp

Run Build Command:"/usr/bin/make" "cmTC_9bdba/fast"
/usr/bin/make -f CMakeFiles/cmTC_9bdba.dir/build.make CMakeFiles/cmTC_9bdba.dir/build
make[1]: Entering directory '/home/kalana/Xavier/Robot/build_isolated/sbpl_lattice_planner/CMakeFiles/CMakeTmp'
Building C object CMakeFiles/cmTC_9bdba.dir/CheckSymbolExists.c.o
/usr/bin/cc     -o CMakeFiles/cmTC_9bdba.dir/CheckSymbolExists.c.o   -c /home/kalana/Xavier/Robot/build_isolated/sbpl_lattice_planner/CMakeFiles/CMakeTmp/CheckSymbolExists.c
Linking C executable cmTC_9bdba
/usr/bin/cmake -E cmake_link_script CMakeFiles/cmTC_9bdba.dir/link.txt --verbose=1
/usr/bin/cc       CMakeFiles/cmTC_9bdba.dir/CheckSymbolExists.c.o  -o cmTC_9bdba -rdynamic 
CMakeFiles/cmTC_9bdba.dir/CheckSymbolExists.c.o: In function `main':
CheckSymbolExists.c:(.text+0x16): undefined reference to `pthread_create'
collect2: error: ld returned 1 exit status
CMakeFiles/cmTC_9bdba.dir/build.make:97: recipe for target 'cmTC_9bdba' failed
make[1]: *** [cmTC_9bdba] Error 1
make[1]: Leaving directory '/home/kalana/Xavier/Robot/build_isolated/sbpl_lattice_planner/CMakeFiles/CMakeTmp'
Makefile:126: recipe for target 'cmTC_9bdba/fast' failed
make: *** [cmTC_9bdba/fast] Error 2

File /home/kalana/Xavier/Robot/build_isolated/sbpl_lattice_planner/CMakeFiles/CMakeTmp/CheckSymbolExists.c:
/* */
#include <pthread.h>

int main(int argc, char** argv)
{
  (void)argv;
#ifndef pthread_create
  return ((int*)(&pthread_create))[argc];
#else
  (void)argc;
  return 0;
#endif
}

Determining if the function pthread_create exists in the pthreads failed with the following output:
Change Dir: /home/kalana/Xavier/Robot/build_isolated/sbpl_lattice_planner/CMakeFiles/CMakeTmp

Run Build Command:"/usr/bin/make" "cmTC_27503/fast"
/usr/bin/make -f CMakeFiles/cmTC_27503.dir/build.make CMakeFiles/cmTC_27503.dir/build
make[1]: Entering directory '/home/kalana/Xavier/Robot/build_isolated/sbpl_lattice_planner/CMakeFiles/CMakeTmp'
Building C object CMakeFiles/cmTC_27503.dir/CheckFunctionExists.c.o
/usr/bin/cc    -DCHECK_FUNCTION_EXISTS=pthread_create   -o CMakeFiles/cmTC_27503.dir/CheckFunctionExists.c.o   -c /usr/share/cmake-3.5/Modules/CheckFunctionExists.c
Linking C executable cmTC_27503
/usr/bin/cmake -E cmake_link_script CMakeFiles/cmTC_27503.dir/link.txt --verbose=1
/usr/bin/cc   -DCHECK_FUNCTION_EXISTS=pthread_create    CMakeFiles/cmTC_27503.dir/CheckFunctionExists.c.o  -o cmTC_27503 -rdynamic -lpthreads 
/usr/bin/ld: cannot find -lpthreads
collect2: error: ld returned 1 exit status
CMakeFiles/cmTC_27503.dir/build.make:97: recipe for target 'cmTC_27503' failed
make[1]: *** [cmTC_27503] Error 1
make[1]: Leaving directory '/home/kalana/Xavier/Robot/build_isolated/sbpl_lattice_planner/CMakeFiles/CMakeTmp'
Makefile:126: recipe for target 'cmTC_27503/fast' failed
make: *** [cmTC_27503/fast] Error 2


