Determining if the pthread_create exist failed with the following output:
Change Dir: /home/kalana/Xavier/Robot/build_isolated/robot_pose_ekf/CMakeFiles/CMakeTmp

Run Build Command:"/usr/bin/make" "cmTC_5ec1d/fast"
/usr/bin/make -f CMakeFiles/cmTC_5ec1d.dir/build.make CMakeFiles/cmTC_5ec1d.dir/build
make[1]: Entering directory '/home/kalana/Xavier/Robot/build_isolated/robot_pose_ekf/CMakeFiles/CMakeTmp'
Building C object CMakeFiles/cmTC_5ec1d.dir/CheckSymbolExists.c.o
/usr/bin/cc     -o CMakeFiles/cmTC_5ec1d.dir/CheckSymbolExists.c.o   -c /home/kalana/Xavier/Robot/build_isolated/robot_pose_ekf/CMakeFiles/CMakeTmp/CheckSymbolExists.c
Linking C executable cmTC_5ec1d
/usr/bin/cmake -E cmake_link_script CMakeFiles/cmTC_5ec1d.dir/link.txt --verbose=1
/usr/bin/cc       CMakeFiles/cmTC_5ec1d.dir/CheckSymbolExists.c.o  -o cmTC_5ec1d -rdynamic 
CMakeFiles/cmTC_5ec1d.dir/CheckSymbolExists.c.o: In function `main':
CheckSymbolExists.c:(.text+0x16): undefined reference to `pthread_create'
collect2: error: ld returned 1 exit status
CMakeFiles/cmTC_5ec1d.dir/build.make:97: recipe for target 'cmTC_5ec1d' failed
make[1]: *** [cmTC_5ec1d] Error 1
make[1]: Leaving directory '/home/kalana/Xavier/Robot/build_isolated/robot_pose_ekf/CMakeFiles/CMakeTmp'
Makefile:126: recipe for target 'cmTC_5ec1d/fast' failed
make: *** [cmTC_5ec1d/fast] Error 2

File /home/kalana/Xavier/Robot/build_isolated/robot_pose_ekf/CMakeFiles/CMakeTmp/CheckSymbolExists.c:
/* */
#include <pthread.h>

int main(int argc, char** argv)
{
  (void)argv;
#ifndef pthread_create
  return ((int*)(&pthread_create))[argc];
#else
  (void)argc;
  return 0;
#endif
}

Determining if the function pthread_create exists in the pthreads failed with the following output:
Change Dir: /home/kalana/Xavier/Robot/build_isolated/robot_pose_ekf/CMakeFiles/CMakeTmp

Run Build Command:"/usr/bin/make" "cmTC_84a6c/fast"
/usr/bin/make -f CMakeFiles/cmTC_84a6c.dir/build.make CMakeFiles/cmTC_84a6c.dir/build
make[1]: Entering directory '/home/kalana/Xavier/Robot/build_isolated/robot_pose_ekf/CMakeFiles/CMakeTmp'
Building C object CMakeFiles/cmTC_84a6c.dir/CheckFunctionExists.c.o
/usr/bin/cc    -DCHECK_FUNCTION_EXISTS=pthread_create   -o CMakeFiles/cmTC_84a6c.dir/CheckFunctionExists.c.o   -c /usr/share/cmake-3.5/Modules/CheckFunctionExists.c
Linking C executable cmTC_84a6c
/usr/bin/cmake -E cmake_link_script CMakeFiles/cmTC_84a6c.dir/link.txt --verbose=1
/usr/bin/cc   -DCHECK_FUNCTION_EXISTS=pthread_create    CMakeFiles/cmTC_84a6c.dir/CheckFunctionExists.c.o  -o cmTC_84a6c -rdynamic -lpthreads 
/usr/bin/ld: cannot find -lpthreads
collect2: error: ld returned 1 exit status
CMakeFiles/cmTC_84a6c.dir/build.make:97: recipe for target 'cmTC_84a6c' failed
make[1]: *** [cmTC_84a6c] Error 1
make[1]: Leaving directory '/home/kalana/Xavier/Robot/build_isolated/robot_pose_ekf/CMakeFiles/CMakeTmp'
Makefile:126: recipe for target 'cmTC_84a6c/fast' failed
make: *** [cmTC_84a6c/fast] Error 2


