Determining if the pthread_create exist failed with the following output:
Change Dir: /home/kalana/Xavier/Robot/build_isolated/move_slow_and_clear/CMakeFiles/CMakeTmp

Run Build Command:"/usr/bin/make" "cmTC_69f0b/fast"
/usr/bin/make -f CMakeFiles/cmTC_69f0b.dir/build.make CMakeFiles/cmTC_69f0b.dir/build
make[1]: Entering directory '/home/kalana/Xavier/Robot/build_isolated/move_slow_and_clear/CMakeFiles/CMakeTmp'
Building C object CMakeFiles/cmTC_69f0b.dir/CheckSymbolExists.c.o
/usr/bin/cc     -o CMakeFiles/cmTC_69f0b.dir/CheckSymbolExists.c.o   -c /home/kalana/Xavier/Robot/build_isolated/move_slow_and_clear/CMakeFiles/CMakeTmp/CheckSymbolExists.c
Linking C executable cmTC_69f0b
/usr/bin/cmake -E cmake_link_script CMakeFiles/cmTC_69f0b.dir/link.txt --verbose=1
/usr/bin/cc       CMakeFiles/cmTC_69f0b.dir/CheckSymbolExists.c.o  -o cmTC_69f0b -rdynamic 
CMakeFiles/cmTC_69f0b.dir/CheckSymbolExists.c.o: In function `main':
CheckSymbolExists.c:(.text+0x16): undefined reference to `pthread_create'
collect2: error: ld returned 1 exit status
CMakeFiles/cmTC_69f0b.dir/build.make:97: recipe for target 'cmTC_69f0b' failed
make[1]: *** [cmTC_69f0b] Error 1
make[1]: Leaving directory '/home/kalana/Xavier/Robot/build_isolated/move_slow_and_clear/CMakeFiles/CMakeTmp'
Makefile:126: recipe for target 'cmTC_69f0b/fast' failed
make: *** [cmTC_69f0b/fast] Error 2

File /home/kalana/Xavier/Robot/build_isolated/move_slow_and_clear/CMakeFiles/CMakeTmp/CheckSymbolExists.c:
/* */
#include <pthread.h>

int main(int argc, char** argv)
{
  (void)argv;
#ifndef pthread_create
  return ((int*)(&pthread_create))[argc];
#else
  (void)argc;
  return 0;
#endif
}

Determining if the function pthread_create exists in the pthreads failed with the following output:
Change Dir: /home/kalana/Xavier/Robot/build_isolated/move_slow_and_clear/CMakeFiles/CMakeTmp

Run Build Command:"/usr/bin/make" "cmTC_e4bd6/fast"
/usr/bin/make -f CMakeFiles/cmTC_e4bd6.dir/build.make CMakeFiles/cmTC_e4bd6.dir/build
make[1]: Entering directory '/home/kalana/Xavier/Robot/build_isolated/move_slow_and_clear/CMakeFiles/CMakeTmp'
Building C object CMakeFiles/cmTC_e4bd6.dir/CheckFunctionExists.c.o
/usr/bin/cc    -DCHECK_FUNCTION_EXISTS=pthread_create   -o CMakeFiles/cmTC_e4bd6.dir/CheckFunctionExists.c.o   -c /usr/share/cmake-3.5/Modules/CheckFunctionExists.c
Linking C executable cmTC_e4bd6
/usr/bin/cmake -E cmake_link_script CMakeFiles/cmTC_e4bd6.dir/link.txt --verbose=1
/usr/bin/cc   -DCHECK_FUNCTION_EXISTS=pthread_create    CMakeFiles/cmTC_e4bd6.dir/CheckFunctionExists.c.o  -o cmTC_e4bd6 -rdynamic -lpthreads 
/usr/bin/ld: cannot find -lpthreads
collect2: error: ld returned 1 exit status
CMakeFiles/cmTC_e4bd6.dir/build.make:97: recipe for target 'cmTC_e4bd6' failed
make[1]: *** [cmTC_e4bd6] Error 1
make[1]: Leaving directory '/home/kalana/Xavier/Robot/build_isolated/move_slow_and_clear/CMakeFiles/CMakeTmp'
Makefile:126: recipe for target 'cmTC_e4bd6/fast' failed
make: *** [cmTC_e4bd6/fast] Error 2


