Determining if the pthread_create exist failed with the following output:
Change Dir: /home/kalana/Xavier/Robot/build_isolated/kobuki_safety_controller/CMakeFiles/CMakeTmp

Run Build Command:"/usr/bin/make" "cmTC_aa22c/fast"
/usr/bin/make -f CMakeFiles/cmTC_aa22c.dir/build.make CMakeFiles/cmTC_aa22c.dir/build
make[1]: Entering directory '/home/kalana/Xavier/Robot/build_isolated/kobuki_safety_controller/CMakeFiles/CMakeTmp'
Building C object CMakeFiles/cmTC_aa22c.dir/CheckSymbolExists.c.o
/usr/bin/cc     -o CMakeFiles/cmTC_aa22c.dir/CheckSymbolExists.c.o   -c /home/kalana/Xavier/Robot/build_isolated/kobuki_safety_controller/CMakeFiles/CMakeTmp/CheckSymbolExists.c
Linking C executable cmTC_aa22c
/usr/bin/cmake -E cmake_link_script CMakeFiles/cmTC_aa22c.dir/link.txt --verbose=1
/usr/bin/cc       CMakeFiles/cmTC_aa22c.dir/CheckSymbolExists.c.o  -o cmTC_aa22c -rdynamic 
CMakeFiles/cmTC_aa22c.dir/CheckSymbolExists.c.o: In function `main':
CheckSymbolExists.c:(.text+0x16): undefined reference to `pthread_create'
collect2: error: ld returned 1 exit status
CMakeFiles/cmTC_aa22c.dir/build.make:97: recipe for target 'cmTC_aa22c' failed
make[1]: *** [cmTC_aa22c] Error 1
make[1]: Leaving directory '/home/kalana/Xavier/Robot/build_isolated/kobuki_safety_controller/CMakeFiles/CMakeTmp'
Makefile:126: recipe for target 'cmTC_aa22c/fast' failed
make: *** [cmTC_aa22c/fast] Error 2

File /home/kalana/Xavier/Robot/build_isolated/kobuki_safety_controller/CMakeFiles/CMakeTmp/CheckSymbolExists.c:
/* */
#include <pthread.h>

int main(int argc, char** argv)
{
  (void)argv;
#ifndef pthread_create
  return ((int*)(&pthread_create))[argc];
#else
  (void)argc;
  return 0;
#endif
}

Determining if the function pthread_create exists in the pthreads failed with the following output:
Change Dir: /home/kalana/Xavier/Robot/build_isolated/kobuki_safety_controller/CMakeFiles/CMakeTmp

Run Build Command:"/usr/bin/make" "cmTC_168a1/fast"
/usr/bin/make -f CMakeFiles/cmTC_168a1.dir/build.make CMakeFiles/cmTC_168a1.dir/build
make[1]: Entering directory '/home/kalana/Xavier/Robot/build_isolated/kobuki_safety_controller/CMakeFiles/CMakeTmp'
Building C object CMakeFiles/cmTC_168a1.dir/CheckFunctionExists.c.o
/usr/bin/cc    -DCHECK_FUNCTION_EXISTS=pthread_create   -o CMakeFiles/cmTC_168a1.dir/CheckFunctionExists.c.o   -c /usr/share/cmake-3.5/Modules/CheckFunctionExists.c
Linking C executable cmTC_168a1
/usr/bin/cmake -E cmake_link_script CMakeFiles/cmTC_168a1.dir/link.txt --verbose=1
/usr/bin/cc   -DCHECK_FUNCTION_EXISTS=pthread_create    CMakeFiles/cmTC_168a1.dir/CheckFunctionExists.c.o  -o cmTC_168a1 -rdynamic -lpthreads 
/usr/bin/ld: cannot find -lpthreads
collect2: error: ld returned 1 exit status
CMakeFiles/cmTC_168a1.dir/build.make:97: recipe for target 'cmTC_168a1' failed
make[1]: *** [cmTC_168a1] Error 1
make[1]: Leaving directory '/home/kalana/Xavier/Robot/build_isolated/kobuki_safety_controller/CMakeFiles/CMakeTmp'
Makefile:126: recipe for target 'cmTC_168a1/fast' failed
make: *** [cmTC_168a1/fast] Error 2


