Determining if the pthread_create exist failed with the following output:
Change Dir: /home/kalana/Xavier/Robot/build_isolated/navigation_experimental/CMakeFiles/CMakeTmp

Run Build Command:"/usr/bin/make" "cmTC_405c4/fast"
/usr/bin/make -f CMakeFiles/cmTC_405c4.dir/build.make CMakeFiles/cmTC_405c4.dir/build
make[1]: Entering directory '/home/kalana/Xavier/Robot/build_isolated/navigation_experimental/CMakeFiles/CMakeTmp'
Building C object CMakeFiles/cmTC_405c4.dir/CheckSymbolExists.c.o
/usr/bin/cc     -o CMakeFiles/cmTC_405c4.dir/CheckSymbolExists.c.o   -c /home/kalana/Xavier/Robot/build_isolated/navigation_experimental/CMakeFiles/CMakeTmp/CheckSymbolExists.c
Linking C executable cmTC_405c4
/usr/bin/cmake -E cmake_link_script CMakeFiles/cmTC_405c4.dir/link.txt --verbose=1
/usr/bin/cc       CMakeFiles/cmTC_405c4.dir/CheckSymbolExists.c.o  -o cmTC_405c4 -rdynamic 
CMakeFiles/cmTC_405c4.dir/CheckSymbolExists.c.o: In function `main':
CheckSymbolExists.c:(.text+0x16): undefined reference to `pthread_create'
collect2: error: ld returned 1 exit status
CMakeFiles/cmTC_405c4.dir/build.make:97: recipe for target 'cmTC_405c4' failed
make[1]: *** [cmTC_405c4] Error 1
make[1]: Leaving directory '/home/kalana/Xavier/Robot/build_isolated/navigation_experimental/CMakeFiles/CMakeTmp'
Makefile:126: recipe for target 'cmTC_405c4/fast' failed
make: *** [cmTC_405c4/fast] Error 2

File /home/kalana/Xavier/Robot/build_isolated/navigation_experimental/CMakeFiles/CMakeTmp/CheckSymbolExists.c:
/* */
#include <pthread.h>

int main(int argc, char** argv)
{
  (void)argv;
#ifndef pthread_create
  return ((int*)(&pthread_create))[argc];
#else
  (void)argc;
  return 0;
#endif
}

Determining if the function pthread_create exists in the pthreads failed with the following output:
Change Dir: /home/kalana/Xavier/Robot/build_isolated/navigation_experimental/CMakeFiles/CMakeTmp

Run Build Command:"/usr/bin/make" "cmTC_51428/fast"
/usr/bin/make -f CMakeFiles/cmTC_51428.dir/build.make CMakeFiles/cmTC_51428.dir/build
make[1]: Entering directory '/home/kalana/Xavier/Robot/build_isolated/navigation_experimental/CMakeFiles/CMakeTmp'
Building C object CMakeFiles/cmTC_51428.dir/CheckFunctionExists.c.o
/usr/bin/cc    -DCHECK_FUNCTION_EXISTS=pthread_create   -o CMakeFiles/cmTC_51428.dir/CheckFunctionExists.c.o   -c /usr/share/cmake-3.5/Modules/CheckFunctionExists.c
Linking C executable cmTC_51428
/usr/bin/cmake -E cmake_link_script CMakeFiles/cmTC_51428.dir/link.txt --verbose=1
/usr/bin/cc   -DCHECK_FUNCTION_EXISTS=pthread_create    CMakeFiles/cmTC_51428.dir/CheckFunctionExists.c.o  -o cmTC_51428 -rdynamic -lpthreads 
/usr/bin/ld: cannot find -lpthreads
collect2: error: ld returned 1 exit status
CMakeFiles/cmTC_51428.dir/build.make:97: recipe for target 'cmTC_51428' failed
make[1]: *** [cmTC_51428] Error 1
make[1]: Leaving directory '/home/kalana/Xavier/Robot/build_isolated/navigation_experimental/CMakeFiles/CMakeTmp'
Makefile:126: recipe for target 'cmTC_51428/fast' failed
make: *** [cmTC_51428/fast] Error 2


