Determining if the pthread_create exist failed with the following output:
Change Dir: /home/kalana/Xavier/Robot/build_isolated/kobuki_description/CMakeFiles/CMakeTmp

Run Build Command:"/usr/bin/make" "cmTC_e19a2/fast"
/usr/bin/make -f CMakeFiles/cmTC_e19a2.dir/build.make CMakeFiles/cmTC_e19a2.dir/build
make[1]: Entering directory '/home/kalana/Xavier/Robot/build_isolated/kobuki_description/CMakeFiles/CMakeTmp'
Building C object CMakeFiles/cmTC_e19a2.dir/CheckSymbolExists.c.o
/usr/bin/cc     -o CMakeFiles/cmTC_e19a2.dir/CheckSymbolExists.c.o   -c /home/kalana/Xavier/Robot/build_isolated/kobuki_description/CMakeFiles/CMakeTmp/CheckSymbolExists.c
Linking C executable cmTC_e19a2
/usr/bin/cmake -E cmake_link_script CMakeFiles/cmTC_e19a2.dir/link.txt --verbose=1
/usr/bin/cc       CMakeFiles/cmTC_e19a2.dir/CheckSymbolExists.c.o  -o cmTC_e19a2 -rdynamic 
CMakeFiles/cmTC_e19a2.dir/CheckSymbolExists.c.o: In function `main':
CheckSymbolExists.c:(.text+0x16): undefined reference to `pthread_create'
collect2: error: ld returned 1 exit status
CMakeFiles/cmTC_e19a2.dir/build.make:97: recipe for target 'cmTC_e19a2' failed
make[1]: *** [cmTC_e19a2] Error 1
make[1]: Leaving directory '/home/kalana/Xavier/Robot/build_isolated/kobuki_description/CMakeFiles/CMakeTmp'
Makefile:126: recipe for target 'cmTC_e19a2/fast' failed
make: *** [cmTC_e19a2/fast] Error 2

File /home/kalana/Xavier/Robot/build_isolated/kobuki_description/CMakeFiles/CMakeTmp/CheckSymbolExists.c:
/* */
#include <pthread.h>

int main(int argc, char** argv)
{
  (void)argv;
#ifndef pthread_create
  return ((int*)(&pthread_create))[argc];
#else
  (void)argc;
  return 0;
#endif
}

Determining if the function pthread_create exists in the pthreads failed with the following output:
Change Dir: /home/kalana/Xavier/Robot/build_isolated/kobuki_description/CMakeFiles/CMakeTmp

Run Build Command:"/usr/bin/make" "cmTC_d8769/fast"
/usr/bin/make -f CMakeFiles/cmTC_d8769.dir/build.make CMakeFiles/cmTC_d8769.dir/build
make[1]: Entering directory '/home/kalana/Xavier/Robot/build_isolated/kobuki_description/CMakeFiles/CMakeTmp'
Building C object CMakeFiles/cmTC_d8769.dir/CheckFunctionExists.c.o
/usr/bin/cc    -DCHECK_FUNCTION_EXISTS=pthread_create   -o CMakeFiles/cmTC_d8769.dir/CheckFunctionExists.c.o   -c /usr/share/cmake-3.5/Modules/CheckFunctionExists.c
Linking C executable cmTC_d8769
/usr/bin/cmake -E cmake_link_script CMakeFiles/cmTC_d8769.dir/link.txt --verbose=1
/usr/bin/cc   -DCHECK_FUNCTION_EXISTS=pthread_create    CMakeFiles/cmTC_d8769.dir/CheckFunctionExists.c.o  -o cmTC_d8769 -rdynamic -lpthreads 
/usr/bin/ld: cannot find -lpthreads
collect2: error: ld returned 1 exit status
CMakeFiles/cmTC_d8769.dir/build.make:97: recipe for target 'cmTC_d8769' failed
make[1]: *** [cmTC_d8769] Error 1
make[1]: Leaving directory '/home/kalana/Xavier/Robot/build_isolated/kobuki_description/CMakeFiles/CMakeTmp'
Makefile:126: recipe for target 'cmTC_d8769/fast' failed
make: *** [cmTC_d8769/fast] Error 2


