Determining if the pthread_create exist failed with the following output:
Change Dir: /home/kalana/Xavier/Robot/build_isolated/freenect_stack/CMakeFiles/CMakeTmp

Run Build Command:"/usr/bin/make" "cmTC_1323b/fast"
/usr/bin/make -f CMakeFiles/cmTC_1323b.dir/build.make CMakeFiles/cmTC_1323b.dir/build
make[1]: Entering directory '/home/kalana/Xavier/Robot/build_isolated/freenect_stack/CMakeFiles/CMakeTmp'
Building C object CMakeFiles/cmTC_1323b.dir/CheckSymbolExists.c.o
/usr/bin/cc     -o CMakeFiles/cmTC_1323b.dir/CheckSymbolExists.c.o   -c /home/kalana/Xavier/Robot/build_isolated/freenect_stack/CMakeFiles/CMakeTmp/CheckSymbolExists.c
Linking C executable cmTC_1323b
/usr/bin/cmake -E cmake_link_script CMakeFiles/cmTC_1323b.dir/link.txt --verbose=1
/usr/bin/cc       CMakeFiles/cmTC_1323b.dir/CheckSymbolExists.c.o  -o cmTC_1323b -rdynamic 
CMakeFiles/cmTC_1323b.dir/CheckSymbolExists.c.o: In function `main':
CheckSymbolExists.c:(.text+0x16): undefined reference to `pthread_create'
collect2: error: ld returned 1 exit status
CMakeFiles/cmTC_1323b.dir/build.make:97: recipe for target 'cmTC_1323b' failed
make[1]: *** [cmTC_1323b] Error 1
make[1]: Leaving directory '/home/kalana/Xavier/Robot/build_isolated/freenect_stack/CMakeFiles/CMakeTmp'
Makefile:126: recipe for target 'cmTC_1323b/fast' failed
make: *** [cmTC_1323b/fast] Error 2

File /home/kalana/Xavier/Robot/build_isolated/freenect_stack/CMakeFiles/CMakeTmp/CheckSymbolExists.c:
/* */
#include <pthread.h>

int main(int argc, char** argv)
{
  (void)argv;
#ifndef pthread_create
  return ((int*)(&pthread_create))[argc];
#else
  (void)argc;
  return 0;
#endif
}

Determining if the function pthread_create exists in the pthreads failed with the following output:
Change Dir: /home/kalana/Xavier/Robot/build_isolated/freenect_stack/CMakeFiles/CMakeTmp

Run Build Command:"/usr/bin/make" "cmTC_df738/fast"
/usr/bin/make -f CMakeFiles/cmTC_df738.dir/build.make CMakeFiles/cmTC_df738.dir/build
make[1]: Entering directory '/home/kalana/Xavier/Robot/build_isolated/freenect_stack/CMakeFiles/CMakeTmp'
Building C object CMakeFiles/cmTC_df738.dir/CheckFunctionExists.c.o
/usr/bin/cc    -DCHECK_FUNCTION_EXISTS=pthread_create   -o CMakeFiles/cmTC_df738.dir/CheckFunctionExists.c.o   -c /usr/share/cmake-3.5/Modules/CheckFunctionExists.c
Linking C executable cmTC_df738
/usr/bin/cmake -E cmake_link_script CMakeFiles/cmTC_df738.dir/link.txt --verbose=1
/usr/bin/cc   -DCHECK_FUNCTION_EXISTS=pthread_create    CMakeFiles/cmTC_df738.dir/CheckFunctionExists.c.o  -o cmTC_df738 -rdynamic -lpthreads 
/usr/bin/ld: cannot find -lpthreads
collect2: error: ld returned 1 exit status
CMakeFiles/cmTC_df738.dir/build.make:97: recipe for target 'cmTC_df738' failed
make[1]: *** [cmTC_df738] Error 1
make[1]: Leaving directory '/home/kalana/Xavier/Robot/build_isolated/freenect_stack/CMakeFiles/CMakeTmp'
Makefile:126: recipe for target 'cmTC_df738/fast' failed
make: *** [cmTC_df738/fast] Error 2


