Determining if the pthread_create exist failed with the following output:
Change Dir: /home/kalana/Xavier/Robot/build_isolated/kobuki_bumper2pc/CMakeFiles/CMakeTmp

Run Build Command:"/usr/bin/make" "cmTC_4bfdf/fast"
/usr/bin/make -f CMakeFiles/cmTC_4bfdf.dir/build.make CMakeFiles/cmTC_4bfdf.dir/build
make[1]: Entering directory '/home/kalana/Xavier/Robot/build_isolated/kobuki_bumper2pc/CMakeFiles/CMakeTmp'
Building C object CMakeFiles/cmTC_4bfdf.dir/CheckSymbolExists.c.o
/usr/bin/cc     -o CMakeFiles/cmTC_4bfdf.dir/CheckSymbolExists.c.o   -c /home/kalana/Xavier/Robot/build_isolated/kobuki_bumper2pc/CMakeFiles/CMakeTmp/CheckSymbolExists.c
Linking C executable cmTC_4bfdf
/usr/bin/cmake -E cmake_link_script CMakeFiles/cmTC_4bfdf.dir/link.txt --verbose=1
/usr/bin/cc       CMakeFiles/cmTC_4bfdf.dir/CheckSymbolExists.c.o  -o cmTC_4bfdf -rdynamic 
CMakeFiles/cmTC_4bfdf.dir/CheckSymbolExists.c.o: In function `main':
CheckSymbolExists.c:(.text+0x16): undefined reference to `pthread_create'
collect2: error: ld returned 1 exit status
CMakeFiles/cmTC_4bfdf.dir/build.make:97: recipe for target 'cmTC_4bfdf' failed
make[1]: *** [cmTC_4bfdf] Error 1
make[1]: Leaving directory '/home/kalana/Xavier/Robot/build_isolated/kobuki_bumper2pc/CMakeFiles/CMakeTmp'
Makefile:126: recipe for target 'cmTC_4bfdf/fast' failed
make: *** [cmTC_4bfdf/fast] Error 2

File /home/kalana/Xavier/Robot/build_isolated/kobuki_bumper2pc/CMakeFiles/CMakeTmp/CheckSymbolExists.c:
/* */
#include <pthread.h>

int main(int argc, char** argv)
{
  (void)argv;
#ifndef pthread_create
  return ((int*)(&pthread_create))[argc];
#else
  (void)argc;
  return 0;
#endif
}

Determining if the function pthread_create exists in the pthreads failed with the following output:
Change Dir: /home/kalana/Xavier/Robot/build_isolated/kobuki_bumper2pc/CMakeFiles/CMakeTmp

Run Build Command:"/usr/bin/make" "cmTC_d121d/fast"
/usr/bin/make -f CMakeFiles/cmTC_d121d.dir/build.make CMakeFiles/cmTC_d121d.dir/build
make[1]: Entering directory '/home/kalana/Xavier/Robot/build_isolated/kobuki_bumper2pc/CMakeFiles/CMakeTmp'
Building C object CMakeFiles/cmTC_d121d.dir/CheckFunctionExists.c.o
/usr/bin/cc    -DCHECK_FUNCTION_EXISTS=pthread_create   -o CMakeFiles/cmTC_d121d.dir/CheckFunctionExists.c.o   -c /usr/share/cmake-3.5/Modules/CheckFunctionExists.c
Linking C executable cmTC_d121d
/usr/bin/cmake -E cmake_link_script CMakeFiles/cmTC_d121d.dir/link.txt --verbose=1
/usr/bin/cc   -DCHECK_FUNCTION_EXISTS=pthread_create    CMakeFiles/cmTC_d121d.dir/CheckFunctionExists.c.o  -o cmTC_d121d -rdynamic -lpthreads 
/usr/bin/ld: cannot find -lpthreads
collect2: error: ld returned 1 exit status
CMakeFiles/cmTC_d121d.dir/build.make:97: recipe for target 'cmTC_d121d' failed
make[1]: *** [cmTC_d121d] Error 1
make[1]: Leaving directory '/home/kalana/Xavier/Robot/build_isolated/kobuki_bumper2pc/CMakeFiles/CMakeTmp'
Makefile:126: recipe for target 'cmTC_d121d/fast' failed
make: *** [cmTC_d121d/fast] Error 2


