Determining if the pthread_create exist failed with the following output:
Change Dir: /home/kalana/Xavier/Robot/build_isolated/default_cfg_fkie/CMakeFiles/CMakeTmp

Run Build Command:"/usr/bin/make" "cmTC_ea376/fast"
/usr/bin/make -f CMakeFiles/cmTC_ea376.dir/build.make CMakeFiles/cmTC_ea376.dir/build
make[1]: Entering directory '/home/kalana/Xavier/Robot/build_isolated/default_cfg_fkie/CMakeFiles/CMakeTmp'
Building C object CMakeFiles/cmTC_ea376.dir/CheckSymbolExists.c.o
/usr/bin/cc     -o CMakeFiles/cmTC_ea376.dir/CheckSymbolExists.c.o   -c /home/kalana/Xavier/Robot/build_isolated/default_cfg_fkie/CMakeFiles/CMakeTmp/CheckSymbolExists.c
Linking C executable cmTC_ea376
/usr/bin/cmake -E cmake_link_script CMakeFiles/cmTC_ea376.dir/link.txt --verbose=1
/usr/bin/cc       CMakeFiles/cmTC_ea376.dir/CheckSymbolExists.c.o  -o cmTC_ea376 -rdynamic 
CMakeFiles/cmTC_ea376.dir/CheckSymbolExists.c.o: In function `main':
CheckSymbolExists.c:(.text+0x16): undefined reference to `pthread_create'
collect2: error: ld returned 1 exit status
CMakeFiles/cmTC_ea376.dir/build.make:97: recipe for target 'cmTC_ea376' failed
make[1]: *** [cmTC_ea376] Error 1
make[1]: Leaving directory '/home/kalana/Xavier/Robot/build_isolated/default_cfg_fkie/CMakeFiles/CMakeTmp'
Makefile:126: recipe for target 'cmTC_ea376/fast' failed
make: *** [cmTC_ea376/fast] Error 2

File /home/kalana/Xavier/Robot/build_isolated/default_cfg_fkie/CMakeFiles/CMakeTmp/CheckSymbolExists.c:
/* */
#include <pthread.h>

int main(int argc, char** argv)
{
  (void)argv;
#ifndef pthread_create
  return ((int*)(&pthread_create))[argc];
#else
  (void)argc;
  return 0;
#endif
}

Determining if the function pthread_create exists in the pthreads failed with the following output:
Change Dir: /home/kalana/Xavier/Robot/build_isolated/default_cfg_fkie/CMakeFiles/CMakeTmp

Run Build Command:"/usr/bin/make" "cmTC_29b7e/fast"
/usr/bin/make -f CMakeFiles/cmTC_29b7e.dir/build.make CMakeFiles/cmTC_29b7e.dir/build
make[1]: Entering directory '/home/kalana/Xavier/Robot/build_isolated/default_cfg_fkie/CMakeFiles/CMakeTmp'
Building C object CMakeFiles/cmTC_29b7e.dir/CheckFunctionExists.c.o
/usr/bin/cc    -DCHECK_FUNCTION_EXISTS=pthread_create   -o CMakeFiles/cmTC_29b7e.dir/CheckFunctionExists.c.o   -c /usr/share/cmake-3.5/Modules/CheckFunctionExists.c
Linking C executable cmTC_29b7e
/usr/bin/cmake -E cmake_link_script CMakeFiles/cmTC_29b7e.dir/link.txt --verbose=1
/usr/bin/cc   -DCHECK_FUNCTION_EXISTS=pthread_create    CMakeFiles/cmTC_29b7e.dir/CheckFunctionExists.c.o  -o cmTC_29b7e -rdynamic -lpthreads 
/usr/bin/ld: cannot find -lpthreads
collect2: error: ld returned 1 exit status
CMakeFiles/cmTC_29b7e.dir/build.make:97: recipe for target 'cmTC_29b7e' failed
make[1]: *** [cmTC_29b7e] Error 1
make[1]: Leaving directory '/home/kalana/Xavier/Robot/build_isolated/default_cfg_fkie/CMakeFiles/CMakeTmp'
Makefile:126: recipe for target 'cmTC_29b7e/fast' failed
make: *** [cmTC_29b7e/fast] Error 2


