Determining if the pthread_create exist failed with the following output:
Change Dir: /home/kalana/Xavier/Robot/build_isolated/twist_recovery/CMakeFiles/CMakeTmp

Run Build Command:"/usr/bin/make" "cmTC_16dea/fast"
/usr/bin/make -f CMakeFiles/cmTC_16dea.dir/build.make CMakeFiles/cmTC_16dea.dir/build
make[1]: Entering directory '/home/kalana/Xavier/Robot/build_isolated/twist_recovery/CMakeFiles/CMakeTmp'
Building C object CMakeFiles/cmTC_16dea.dir/CheckSymbolExists.c.o
/usr/bin/cc     -o CMakeFiles/cmTC_16dea.dir/CheckSymbolExists.c.o   -c /home/kalana/Xavier/Robot/build_isolated/twist_recovery/CMakeFiles/CMakeTmp/CheckSymbolExists.c
Linking C executable cmTC_16dea
/usr/bin/cmake -E cmake_link_script CMakeFiles/cmTC_16dea.dir/link.txt --verbose=1
/usr/bin/cc       CMakeFiles/cmTC_16dea.dir/CheckSymbolExists.c.o  -o cmTC_16dea -rdynamic 
CMakeFiles/cmTC_16dea.dir/CheckSymbolExists.c.o: In function `main':
CheckSymbolExists.c:(.text+0x16): undefined reference to `pthread_create'
collect2: error: ld returned 1 exit status
CMakeFiles/cmTC_16dea.dir/build.make:97: recipe for target 'cmTC_16dea' failed
make[1]: *** [cmTC_16dea] Error 1
make[1]: Leaving directory '/home/kalana/Xavier/Robot/build_isolated/twist_recovery/CMakeFiles/CMakeTmp'
Makefile:126: recipe for target 'cmTC_16dea/fast' failed
make: *** [cmTC_16dea/fast] Error 2

File /home/kalana/Xavier/Robot/build_isolated/twist_recovery/CMakeFiles/CMakeTmp/CheckSymbolExists.c:
/* */
#include <pthread.h>

int main(int argc, char** argv)
{
  (void)argv;
#ifndef pthread_create
  return ((int*)(&pthread_create))[argc];
#else
  (void)argc;
  return 0;
#endif
}

Determining if the function pthread_create exists in the pthreads failed with the following output:
Change Dir: /home/kalana/Xavier/Robot/build_isolated/twist_recovery/CMakeFiles/CMakeTmp

Run Build Command:"/usr/bin/make" "cmTC_6d3cb/fast"
/usr/bin/make -f CMakeFiles/cmTC_6d3cb.dir/build.make CMakeFiles/cmTC_6d3cb.dir/build
make[1]: Entering directory '/home/kalana/Xavier/Robot/build_isolated/twist_recovery/CMakeFiles/CMakeTmp'
Building C object CMakeFiles/cmTC_6d3cb.dir/CheckFunctionExists.c.o
/usr/bin/cc    -DCHECK_FUNCTION_EXISTS=pthread_create   -o CMakeFiles/cmTC_6d3cb.dir/CheckFunctionExists.c.o   -c /usr/share/cmake-3.5/Modules/CheckFunctionExists.c
Linking C executable cmTC_6d3cb
/usr/bin/cmake -E cmake_link_script CMakeFiles/cmTC_6d3cb.dir/link.txt --verbose=1
/usr/bin/cc   -DCHECK_FUNCTION_EXISTS=pthread_create    CMakeFiles/cmTC_6d3cb.dir/CheckFunctionExists.c.o  -o cmTC_6d3cb -rdynamic -lpthreads 
/usr/bin/ld: cannot find -lpthreads
collect2: error: ld returned 1 exit status
CMakeFiles/cmTC_6d3cb.dir/build.make:97: recipe for target 'cmTC_6d3cb' failed
make[1]: *** [cmTC_6d3cb] Error 1
make[1]: Leaving directory '/home/kalana/Xavier/Robot/build_isolated/twist_recovery/CMakeFiles/CMakeTmp'
Makefile:126: recipe for target 'cmTC_6d3cb/fast' failed
make: *** [cmTC_6d3cb/fast] Error 2


