Determining if the pthread_create exist failed with the following output:
Change Dir: /home/kalana/Xavier/BaseStation/build_isolated/icp_merge/CMakeFiles/CMakeTmp

Run Build Command:"/usr/bin/make" "cmTC_87a6e/fast"
/usr/bin/make -f CMakeFiles/cmTC_87a6e.dir/build.make CMakeFiles/cmTC_87a6e.dir/build
make[1]: Entering directory '/home/kalana/Xavier/BaseStation/build_isolated/icp_merge/CMakeFiles/CMakeTmp'
Building C object CMakeFiles/cmTC_87a6e.dir/CheckSymbolExists.c.o
/usr/bin/cc     -o CMakeFiles/cmTC_87a6e.dir/CheckSymbolExists.c.o   -c /home/kalana/Xavier/BaseStation/build_isolated/icp_merge/CMakeFiles/CMakeTmp/CheckSymbolExists.c
Linking C executable cmTC_87a6e
/usr/bin/cmake -E cmake_link_script CMakeFiles/cmTC_87a6e.dir/link.txt --verbose=1
/usr/bin/cc       CMakeFiles/cmTC_87a6e.dir/CheckSymbolExists.c.o  -o cmTC_87a6e -rdynamic 
CMakeFiles/cmTC_87a6e.dir/CheckSymbolExists.c.o: In function `main':
CheckSymbolExists.c:(.text+0x16): undefined reference to `pthread_create'
collect2: error: ld returned 1 exit status
CMakeFiles/cmTC_87a6e.dir/build.make:97: recipe for target 'cmTC_87a6e' failed
make[1]: *** [cmTC_87a6e] Error 1
make[1]: Leaving directory '/home/kalana/Xavier/BaseStation/build_isolated/icp_merge/CMakeFiles/CMakeTmp'
Makefile:126: recipe for target 'cmTC_87a6e/fast' failed
make: *** [cmTC_87a6e/fast] Error 2

File /home/kalana/Xavier/BaseStation/build_isolated/icp_merge/CMakeFiles/CMakeTmp/CheckSymbolExists.c:
/* */
#include <pthread.h>

int main(int argc, char** argv)
{
  (void)argv;
#ifndef pthread_create
  return ((int*)(&pthread_create))[argc];
#else
  (void)argc;
  return 0;
#endif
}

Determining if the function pthread_create exists in the pthreads failed with the following output:
Change Dir: /home/kalana/Xavier/BaseStation/build_isolated/icp_merge/CMakeFiles/CMakeTmp

Run Build Command:"/usr/bin/make" "cmTC_699f5/fast"
/usr/bin/make -f CMakeFiles/cmTC_699f5.dir/build.make CMakeFiles/cmTC_699f5.dir/build
make[1]: Entering directory '/home/kalana/Xavier/BaseStation/build_isolated/icp_merge/CMakeFiles/CMakeTmp'
Building C object CMakeFiles/cmTC_699f5.dir/CheckFunctionExists.c.o
/usr/bin/cc    -DCHECK_FUNCTION_EXISTS=pthread_create   -o CMakeFiles/cmTC_699f5.dir/CheckFunctionExists.c.o   -c /usr/share/cmake-3.5/Modules/CheckFunctionExists.c
Linking C executable cmTC_699f5
/usr/bin/cmake -E cmake_link_script CMakeFiles/cmTC_699f5.dir/link.txt --verbose=1
/usr/bin/cc   -DCHECK_FUNCTION_EXISTS=pthread_create    CMakeFiles/cmTC_699f5.dir/CheckFunctionExists.c.o  -o cmTC_699f5 -rdynamic -lpthreads 
/usr/bin/ld: cannot find -lpthreads
collect2: error: ld returned 1 exit status
CMakeFiles/cmTC_699f5.dir/build.make:97: recipe for target 'cmTC_699f5' failed
make[1]: *** [cmTC_699f5] Error 1
make[1]: Leaving directory '/home/kalana/Xavier/BaseStation/build_isolated/icp_merge/CMakeFiles/CMakeTmp'
Makefile:126: recipe for target 'cmTC_699f5/fast' failed
make: *** [cmTC_699f5/fast] Error 2


