Determining if the Q_WS_WIN exist failed with the following output:
Change Dir: /home/kalana/Xavier/BaseStation/build_isolated/octovis/devel/CMakeFiles/CMakeTmp

Run Build Command:"/usr/bin/make" "cmTC_c1a2c/fast"
/usr/bin/make -f CMakeFiles/cmTC_c1a2c.dir/build.make CMakeFiles/cmTC_c1a2c.dir/build
make[1]: Entering directory '/home/kalana/Xavier/BaseStation/build_isolated/octovis/devel/CMakeFiles/CMakeTmp'
Building CXX object CMakeFiles/cmTC_c1a2c.dir/CheckSymbolExists.cxx.o
/usr/bin/c++    -I/usr/include/qt4  -Wall -Wno-error     -o CMakeFiles/cmTC_c1a2c.dir/CheckSymbolExists.cxx.o -c /home/kalana/Xavier/BaseStation/build_isolated/octovis/devel/CMakeFiles/CMakeTmp/CheckSymbolExists.cxx
/home/kalana/Xavier/BaseStation/build_isolated/octovis/devel/CMakeFiles/CMakeTmp/CheckSymbolExists.cxx: In function ‘int main(int, char**)’:
/home/kalana/Xavier/BaseStation/build_isolated/octovis/devel/CMakeFiles/CMakeTmp/CheckSymbolExists.cxx:8:19: error: ‘Q_WS_WIN’ was not declared in this scope
   return ((int*)(&Q_WS_WIN))[argc];
                   ^
CMakeFiles/cmTC_c1a2c.dir/build.make:65: recipe for target 'CMakeFiles/cmTC_c1a2c.dir/CheckSymbolExists.cxx.o' failed
make[1]: *** [CMakeFiles/cmTC_c1a2c.dir/CheckSymbolExists.cxx.o] Error 1
make[1]: Leaving directory '/home/kalana/Xavier/BaseStation/build_isolated/octovis/devel/CMakeFiles/CMakeTmp'
Makefile:126: recipe for target 'cmTC_c1a2c/fast' failed
make: *** [cmTC_c1a2c/fast] Error 2

File /home/kalana/Xavier/BaseStation/build_isolated/octovis/devel/CMakeFiles/CMakeTmp/CheckSymbolExists.cxx:
/* */
#include <QtCore/qglobal.h>

int main(int argc, char** argv)
{
  (void)argv;
#ifndef Q_WS_WIN
  return ((int*)(&Q_WS_WIN))[argc];
#else
  (void)argc;
  return 0;
#endif
}

Determining if the Q_WS_QWS exist failed with the following output:
Change Dir: /home/kalana/Xavier/BaseStation/build_isolated/octovis/devel/CMakeFiles/CMakeTmp

Run Build Command:"/usr/bin/make" "cmTC_5a6d9/fast"
/usr/bin/make -f CMakeFiles/cmTC_5a6d9.dir/build.make CMakeFiles/cmTC_5a6d9.dir/build
make[1]: Entering directory '/home/kalana/Xavier/BaseStation/build_isolated/octovis/devel/CMakeFiles/CMakeTmp'
Building CXX object CMakeFiles/cmTC_5a6d9.dir/CheckSymbolExists.cxx.o
/usr/bin/c++    -I/usr/include/qt4  -Wall -Wno-error     -o CMakeFiles/cmTC_5a6d9.dir/CheckSymbolExists.cxx.o -c /home/kalana/Xavier/BaseStation/build_isolated/octovis/devel/CMakeFiles/CMakeTmp/CheckSymbolExists.cxx
/home/kalana/Xavier/BaseStation/build_isolated/octovis/devel/CMakeFiles/CMakeTmp/CheckSymbolExists.cxx: In function ‘int main(int, char**)’:
/home/kalana/Xavier/BaseStation/build_isolated/octovis/devel/CMakeFiles/CMakeTmp/CheckSymbolExists.cxx:8:19: error: ‘Q_WS_QWS’ was not declared in this scope
   return ((int*)(&Q_WS_QWS))[argc];
                   ^
CMakeFiles/cmTC_5a6d9.dir/build.make:65: recipe for target 'CMakeFiles/cmTC_5a6d9.dir/CheckSymbolExists.cxx.o' failed
make[1]: *** [CMakeFiles/cmTC_5a6d9.dir/CheckSymbolExists.cxx.o] Error 1
make[1]: Leaving directory '/home/kalana/Xavier/BaseStation/build_isolated/octovis/devel/CMakeFiles/CMakeTmp'
Makefile:126: recipe for target 'cmTC_5a6d9/fast' failed
make: *** [cmTC_5a6d9/fast] Error 2

File /home/kalana/Xavier/BaseStation/build_isolated/octovis/devel/CMakeFiles/CMakeTmp/CheckSymbolExists.cxx:
/* */
#include <QtCore/qglobal.h>

int main(int argc, char** argv)
{
  (void)argv;
#ifndef Q_WS_QWS
  return ((int*)(&Q_WS_QWS))[argc];
#else
  (void)argc;
  return 0;
#endif
}

Determining if the Q_WS_MAC exist failed with the following output:
Change Dir: /home/kalana/Xavier/BaseStation/build_isolated/octovis/devel/CMakeFiles/CMakeTmp

Run Build Command:"/usr/bin/make" "cmTC_71655/fast"
/usr/bin/make -f CMakeFiles/cmTC_71655.dir/build.make CMakeFiles/cmTC_71655.dir/build
make[1]: Entering directory '/home/kalana/Xavier/BaseStation/build_isolated/octovis/devel/CMakeFiles/CMakeTmp'
Building CXX object CMakeFiles/cmTC_71655.dir/CheckSymbolExists.cxx.o
/usr/bin/c++    -I/usr/include/qt4  -Wall -Wno-error     -o CMakeFiles/cmTC_71655.dir/CheckSymbolExists.cxx.o -c /home/kalana/Xavier/BaseStation/build_isolated/octovis/devel/CMakeFiles/CMakeTmp/CheckSymbolExists.cxx
/home/kalana/Xavier/BaseStation/build_isolated/octovis/devel/CMakeFiles/CMakeTmp/CheckSymbolExists.cxx: In function ‘int main(int, char**)’:
/home/kalana/Xavier/BaseStation/build_isolated/octovis/devel/CMakeFiles/CMakeTmp/CheckSymbolExists.cxx:8:19: error: ‘Q_WS_MAC’ was not declared in this scope
   return ((int*)(&Q_WS_MAC))[argc];
                   ^
CMakeFiles/cmTC_71655.dir/build.make:65: recipe for target 'CMakeFiles/cmTC_71655.dir/CheckSymbolExists.cxx.o' failed
make[1]: *** [CMakeFiles/cmTC_71655.dir/CheckSymbolExists.cxx.o] Error 1
make[1]: Leaving directory '/home/kalana/Xavier/BaseStation/build_isolated/octovis/devel/CMakeFiles/CMakeTmp'
Makefile:126: recipe for target 'cmTC_71655/fast' failed
make: *** [cmTC_71655/fast] Error 2

File /home/kalana/Xavier/BaseStation/build_isolated/octovis/devel/CMakeFiles/CMakeTmp/CheckSymbolExists.cxx:
/* */
#include <QtCore/qglobal.h>

int main(int argc, char** argv)
{
  (void)argv;
#ifndef Q_WS_MAC
  return ((int*)(&Q_WS_MAC))[argc];
#else
  (void)argc;
  return 0;
#endif
}

