Determining if the pthread_create exist failed with the following output:
Change Dir: /home/kalana/Xavier/Robot/build_isolated/navigation/CMakeFiles/CMakeTmp

Run Build Command:"/usr/bin/make" "cmTC_6244b/fast"
/usr/bin/make -f CMakeFiles/cmTC_6244b.dir/build.make CMakeFiles/cmTC_6244b.dir/build
make[1]: Entering directory '/home/kalana/Xavier/Robot/build_isolated/navigation/CMakeFiles/CMakeTmp'
Building C object CMakeFiles/cmTC_6244b.dir/CheckSymbolExists.c.o
/usr/bin/cc     -o CMakeFiles/cmTC_6244b.dir/CheckSymbolExists.c.o   -c /home/kalana/Xavier/Robot/build_isolated/navigation/CMakeFiles/CMakeTmp/CheckSymbolExists.c
Linking C executable cmTC_6244b
/usr/bin/cmake -E cmake_link_script CMakeFiles/cmTC_6244b.dir/link.txt --verbose=1
/usr/bin/cc       CMakeFiles/cmTC_6244b.dir/CheckSymbolExists.c.o  -o cmTC_6244b -rdynamic 
CMakeFiles/cmTC_6244b.dir/CheckSymbolExists.c.o: In function `main':
CheckSymbolExists.c:(.text+0x16): undefined reference to `pthread_create'
collect2: error: ld returned 1 exit status
CMakeFiles/cmTC_6244b.dir/build.make:97: recipe for target 'cmTC_6244b' failed
make[1]: *** [cmTC_6244b] Error 1
make[1]: Leaving directory '/home/kalana/Xavier/Robot/build_isolated/navigation/CMakeFiles/CMakeTmp'
Makefile:126: recipe for target 'cmTC_6244b/fast' failed
make: *** [cmTC_6244b/fast] Error 2

File /home/kalana/Xavier/Robot/build_isolated/navigation/CMakeFiles/CMakeTmp/CheckSymbolExists.c:
/* */
#include <pthread.h>

int main(int argc, char** argv)
{
  (void)argv;
#ifndef pthread_create
  return ((int*)(&pthread_create))[argc];
#else
  (void)argc;
  return 0;
#endif
}

Determining if the function pthread_create exists in the pthreads failed with the following output:
Change Dir: /home/kalana/Xavier/Robot/build_isolated/navigation/CMakeFiles/CMakeTmp

Run Build Command:"/usr/bin/make" "cmTC_69d84/fast"
/usr/bin/make -f CMakeFiles/cmTC_69d84.dir/build.make CMakeFiles/cmTC_69d84.dir/build
make[1]: Entering directory '/home/kalana/Xavier/Robot/build_isolated/navigation/CMakeFiles/CMakeTmp'
Building C object CMakeFiles/cmTC_69d84.dir/CheckFunctionExists.c.o
/usr/bin/cc    -DCHECK_FUNCTION_EXISTS=pthread_create   -o CMakeFiles/cmTC_69d84.dir/CheckFunctionExists.c.o   -c /usr/share/cmake-3.5/Modules/CheckFunctionExists.c
Linking C executable cmTC_69d84
/usr/bin/cmake -E cmake_link_script CMakeFiles/cmTC_69d84.dir/link.txt --verbose=1
/usr/bin/cc   -DCHECK_FUNCTION_EXISTS=pthread_create    CMakeFiles/cmTC_69d84.dir/CheckFunctionExists.c.o  -o cmTC_69d84 -rdynamic -lpthreads 
/usr/bin/ld: cannot find -lpthreads
collect2: error: ld returned 1 exit status
CMakeFiles/cmTC_69d84.dir/build.make:97: recipe for target 'cmTC_69d84' failed
make[1]: *** [cmTC_69d84] Error 1
make[1]: Leaving directory '/home/kalana/Xavier/Robot/build_isolated/navigation/CMakeFiles/CMakeTmp'
Makefile:126: recipe for target 'cmTC_69d84/fast' failed
make: *** [cmTC_69d84/fast] Error 2


